<?xml version="1.0" encoding="utf-8"?><testsuites><testsuite name="pytest" errors="0" failures="0" skipped="0" tests="40" time="0.483" timestamp="2026-08-30T13:55:40.869977+00:00" hostname="runnervmgx7h7"><testcase classname="tests.test_backend" name="test_format_interviews_html_empty" time="0.001" /><testcase classname="tests.test_backend" name="test_format_interviews_html_renders_rows" time="0.001" /><testcase classname="tests.test_backend" name="test_status_badge_maps_known_status_and_escapes" time="0.000" /><testcase classname="tests.test_backend" name="test_formatters_escape_untrusted_values" time="0.000" /><testcase classname="tests.test_backend" name="test_format_interview_html_with_and_without_link" time="0.000" /><testcase classname="tests.test_backend" name="test_positive_int" time="0.000" /><testcase classname="tests.test_backend" name="test_valid_datetime" time="0.006" /><testcase classname="tests.test_backend" name="test_is_future" time="0.001" /><testcase classname="tests.test_backend" name="test_valid_link" time="0.000" /><testcase classname="tests.test_backend" name="test_list_interviews_filters_by_status" time="0.008" /><testcase classname="tests.test_backend" name="test_list_interviews_filters_by_staff" time="0.006" /><testcase classname="tests.test_backend" name="test_list_interviews_db_unreachable_returns_503" time="0.006" /><testcase classname="tests.test_backend" name="test_get_interview_not_found" time="0.006" /><testcase classname="tests.test_backend" name="test_schedule_interview_validation_errors" time="0.006" /><testcase classname="tests.test_backend" name="test_schedule_interview_rejects_past_datetime" time="0.006" /><testcase classname="tests.test_backend" name="test_schedule_interview_success" time="0.008" /><testcase classname="tests.test_backend" name="test_accept_interview_sets_scheduled" time="0.006" /><testcase classname="tests.test_backend" name="test_complete_interview_saves_notes_and_completes" time="0.006" /><testcase classname="tests.test_backend" name="test_complete_requires_all_note_sections" time="0.006" /><testcase classname="tests.test_backend" name="test_complete_requires_notes_object" time="0.006" /><testcase classname="tests.test_backend" name="test_complete_rejects_future_interview" time="0.006" /><testcase classname="tests.test_backend" name="test_complete_rejects_non_scheduled_interview" time="0.006" /><testcase classname="tests.test_backend" name="test_update_requires_some_payload" time="0.006" /><testcase classname="tests.test_backend" name="test_update_rejects_detail_edits" time="0.006" /><testcase classname="tests.test_backend" name="test_cancel_interview_not_found" time="0.006" /><testcase classname="tests.test_backend" name="test_cancel_interview_success" time="0.006" /><testcase classname="tests.test_backend" name="test_cancel_interview_rejects_past_scheduled" time="0.008" /><testcase classname="tests.test_backend" name="test_schedulable_requires_valid_user_id" time="0.006" /><testcase classname="tests.test_backend" name="test_schedulable_excludes_already_scheduled" time="0.006" /><testcase classname="tests.test_database_service" name="test_health" time="0.012" /><testcase classname="tests.test_database_service" name="test_list_returns_seed_ordered_by_datetime" time="0.006" /><testcase classname="tests.test_database_service" name="test_get_interview_found" time="0.006" /><testcase classname="tests.test_database_service" name="test_get_interview_not_found" time="0.006" /><testcase classname="tests.test_database_service" name="test_create_interview_success" time="0.006" /><testcase classname="tests.test_database_service" name="test_create_applies_defaults_for_optional_fields" time="0.006" /><testcase classname="tests.test_database_service" name="test_create_missing_required_fields_returns_400" time="0.006" /><testcase classname="tests.test_database_service" name="test_update_interview_partial" time="0.006" /><testcase classname="tests.test_database_service" name="test_update_interview_not_found" time="0.006" /><testcase classname="tests.test_database_service" name="test_delete_interview_success" time="0.010" /><testcase classname="tests.test_database_service" name="test_delete_interview_not_found" time="0.006" /></testsuite></testsuites>