============================= test session starts ==============================
platform linux -- Python 3.11.16, pytest-8.3.3, pluggy-1.6.0 -- /opt/hostedtoolcache/Python/3.11.16/x64/bin/python
cachedir: .pytest_cache
rootdir: /home/runner/work/FIND/FIND/student-4
plugins: anyio-4.14.2
collecting ... collected 40 items

tests/test_backend.py::test_format_interviews_html_empty PASSED          [  2%]
tests/test_backend.py::test_format_interviews_html_renders_rows PASSED   [  5%]
tests/test_backend.py::test_status_badge_maps_known_status_and_escapes PASSED [  7%]
tests/test_backend.py::test_formatters_escape_untrusted_values PASSED    [ 10%]
tests/test_backend.py::test_format_interview_html_with_and_without_link PASSED [ 12%]
tests/test_backend.py::test_positive_int PASSED                          [ 15%]
tests/test_backend.py::test_valid_datetime PASSED                        [ 17%]
tests/test_backend.py::test_is_future PASSED                             [ 20%]
tests/test_backend.py::test_valid_link PASSED                            [ 22%]
tests/test_backend.py::test_list_interviews_filters_by_status PASSED     [ 25%]
tests/test_backend.py::test_list_interviews_filters_by_staff PASSED      [ 27%]
tests/test_backend.py::test_list_interviews_db_unreachable_returns_503 PASSED [ 30%]
tests/test_backend.py::test_get_interview_not_found PASSED               [ 32%]
tests/test_backend.py::test_schedule_interview_validation_errors PASSED  [ 35%]
tests/test_backend.py::test_schedule_interview_rejects_past_datetime PASSED [ 37%]
tests/test_backend.py::test_schedule_interview_success PASSED            [ 40%]
tests/test_backend.py::test_accept_interview_sets_scheduled PASSED       [ 42%]
tests/test_backend.py::test_complete_interview_saves_notes_and_completes PASSED [ 45%]
tests/test_backend.py::test_complete_requires_all_note_sections PASSED   [ 47%]
tests/test_backend.py::test_complete_requires_notes_object PASSED        [ 50%]
tests/test_backend.py::test_complete_rejects_future_interview PASSED     [ 52%]
tests/test_backend.py::test_complete_rejects_non_scheduled_interview PASSED [ 55%]
tests/test_backend.py::test_update_requires_some_payload PASSED          [ 57%]
tests/test_backend.py::test_update_rejects_detail_edits PASSED           [ 60%]
tests/test_backend.py::test_cancel_interview_not_found PASSED            [ 62%]
tests/test_backend.py::test_cancel_interview_success PASSED              [ 65%]
tests/test_backend.py::test_cancel_interview_rejects_past_scheduled PASSED [ 67%]
tests/test_backend.py::test_schedulable_requires_valid_user_id PASSED    [ 70%]
tests/test_backend.py::test_schedulable_excludes_already_scheduled PASSED [ 72%]
tests/test_database_service.py::test_health PASSED                       [ 75%]
tests/test_database_service.py::test_list_returns_seed_ordered_by_datetime PASSED [ 77%]
tests/test_database_service.py::test_get_interview_found PASSED          [ 80%]
tests/test_database_service.py::test_get_interview_not_found PASSED      [ 82%]
tests/test_database_service.py::test_create_interview_success PASSED     [ 85%]
tests/test_database_service.py::test_create_applies_defaults_for_optional_fields PASSED [ 87%]
tests/test_database_service.py::test_create_missing_required_fields_returns_400 PASSED [ 90%]
tests/test_database_service.py::test_update_interview_partial PASSED     [ 92%]
tests/test_database_service.py::test_update_interview_not_found PASSED   [ 95%]
tests/test_database_service.py::test_delete_interview_success PASSED     [ 97%]
tests/test_database_service.py::test_delete_interview_not_found PASSED   [100%]

- generated xml file: /home/runner/work/FIND/FIND/student-4/pytest-results.xml -
============================== 40 passed in 0.48s ==============================
