<?xml version="1.0" encoding="utf-8"?><testsuites name="pytest tests"><testsuite name="pytest" errors="0" failures="0" skipped="0" tests="82" time="2.349" timestamp="2026-08-29T16:34:34.034140+00:00" hostname="runnervmgx7h7"><testcase classname="tests.test_backend_html_formatters" name="test_render_message_escapes_html" time="0.001" /><testcase classname="tests.test_backend_html_formatters" name="test_render_message_success_and_info" time="0.000" /><testcase classname="tests.test_backend_html_formatters" name="test_render_user_details_panel_prefills_values" time="0.000" /><testcase classname="tests.test_backend_html_formatters" name="test_render_user_details_panel_shows_error" time="0.000" /><testcase classname="tests.test_backend_html_formatters" name="test_render_profile_panel_no_profile_shows_create_prompt" time="0.000" /><testcase classname="tests.test_backend_html_formatters" name="test_render_profile_panel_existing_profile_shows_update_form_and_delete" time="0.000" /><testcase classname="tests.test_backend_html_formatters" name="test_render_profile_panel_nests_resume_panel_for_applicants" time="0.000" /><testcase classname="tests.test_backend_html_formatters" name="test_render_profile_panel_hides_resume_panel_for_staff" time="0.000" /><testcase classname="tests.test_backend_html_formatters" name="test_render_resume_panel_no_profile_prompts_to_create_one" time="0.000" /><testcase classname="tests.test_backend_html_formatters" name="test_render_resume_panel_empty_shows_upload_form" time="0.000" /><testcase classname="tests.test_backend_html_formatters" name="test_render_resume_panel_with_resume_hides_upload_form" time="0.000" /><testcase classname="tests.test_backend_html_formatters" name="test_render_resume_panel_shows_inline_error" time="0.000" /><testcase classname="tests.test_backend_html_formatters" name="test_render_profile_panel_message_renders_below_submit_button" time="0.000" /><testcase classname="tests.test_backend_html_formatters" name="test_render_resume_panel_message_renders_below_upload_button" time="0.000" /><testcase classname="tests.test_backend_html_formatters" name="test_render_resume_panel_message_renders_below_table_when_resume_exists" time="0.000" /><testcase classname="tests.test_backend_profile_pages" name="test_get_profile_requires_authentication" time="1.371" /><testcase classname="tests.test_backend_profile_pages" name="test_get_profile_shows_create_prompt_when_none_exists" time="0.009" /><testcase classname="tests.test_backend_profile_pages" name="test_get_profile_shows_update_form_when_exists" time="0.008" /><testcase classname="tests.test_backend_profile_pages" name="test_create_profile_injects_user_id_and_shows_inline_success" time="0.010" /><testcase classname="tests.test_backend_profile_pages" name="test_create_profile_requires_phone" time="0.070" /><testcase classname="tests.test_backend_profile_pages" name="test_create_profile_shows_db_error" time="0.009" /><testcase classname="tests.test_backend_profile_pages" name="test_update_profile_forbidden_for_non_owner" time="0.009" /><testcase classname="tests.test_backend_profile_pages" name="test_update_profile_allowed_for_owner" time="0.010" /><testcase classname="tests.test_backend_profile_pages" name="test_update_profile_not_found_propagates" time="0.009" /><testcase classname="tests.test_backend_profile_pages" name="test_delete_profile_forbidden_for_non_owner" time="0.008" /><testcase classname="tests.test_backend_profile_pages" name="test_delete_profile_allowed_for_owner" time="0.009" /><testcase classname="tests.test_backend_resume_pages" name="test_get_resume_panel_requires_authentication" time="0.006" /><testcase classname="tests.test_backend_resume_pages" name="test_get_resume_panel_forbidden_for_staff" time="0.007" /><testcase classname="tests.test_backend_resume_pages" name="test_get_resume_panel_prompts_to_create_profile_first" time="0.008" /><testcase classname="tests.test_backend_resume_pages" name="test_get_resume_panel_lists_existing_resume" time="0.009" /><testcase classname="tests.test_backend_resume_pages" name="test_upload_resume_rejects_when_no_profile" time="0.008" /><testcase classname="tests.test_backend_resume_pages" name="test_upload_resume_rejects_disallowed_type" time="0.012" /><testcase classname="tests.test_backend_resume_pages" name="test_upload_resume_success" time="0.011" /><testcase classname="tests.test_backend_resume_pages" name="test_upload_resume_shows_duplicate_error" time="0.010" /><testcase classname="tests.test_backend_resume_pages" name="test_delete_resume_forbidden_for_non_owner" time="0.009" /><testcase classname="tests.test_backend_resume_pages" name="test_delete_resume_allowed_for_owner" time="0.010" /><testcase classname="tests.test_backend_resume_pages" name="test_download_resume_forbidden_for_non_owner" time="0.009" /><testcase classname="tests.test_backend_resume_pages" name="test_download_resume_allowed_for_owner" time="0.010" /><testcase classname="tests.test_backend_resume_pages" name="test_download_resume_allowed_for_staff" time="0.009" /><testcase classname="tests.test_backend_user_pages" name="test_get_user_details_requires_authentication" time="0.006" /><testcase classname="tests.test_backend_user_pages" name="test_get_user_details_renders_prefilled_form" time="0.007" /><testcase classname="tests.test_backend_user_pages" name="test_update_user_details_requires_authentication" time="0.006" /><testcase classname="tests.test_backend_user_pages" name="test_update_user_details_rejects_missing_first_name" time="0.007" /><testcase classname="tests.test_backend_user_pages" name="test_update_user_details_rejects_blank_names" time="0.007" /><testcase classname="tests.test_backend_user_pages" name="test_update_user_details_success_triggers_toast" time="0.010" /><testcase classname="tests.test_backend_user_pages" name="test_update_user_details_propagates_shared_api_failure" time="0.008" /><testcase classname="tests.test_database_profiles" name="test_create_profile_success" time="0.020" /><testcase classname="tests.test_database_profiles" name="test_create_profile_missing_required_field" time="0.009" /><testcase classname="tests.test_database_profiles" name="test_create_profile_no_body" time="0.010" /><testcase classname="tests.test_database_profiles" name="test_create_profile_duplicate_user_conflicts" time="0.013" /><testcase classname="tests.test_database_profiles" name="test_get_profile_by_id" time="0.011" /><testcase classname="tests.test_database_profiles" name="test_get_profile_by_id_not_found" time="0.010" /><testcase classname="tests.test_database_profiles" name="test_get_profile_by_user" time="0.011" /><testcase classname="tests.test_database_profiles" name="test_get_profile_by_user_not_found" time="0.010" /><testcase classname="tests.test_database_profiles" name="test_update_profile_success" time="0.012" /><testcase classname="tests.test_database_profiles" name="test_update_profile_not_found" time="0.009" /><testcase classname="tests.test_database_profiles" name="test_update_profile_blank_phone_rejected" time="0.011" /><testcase classname="tests.test_database_profiles" name="test_delete_profile_success" time="0.014" /><testcase classname="tests.test_database_profiles" name="test_delete_profile_not_found" time="0.009" /><testcase classname="tests.test_database_profiles" name="test_delete_profile_cascades_resumes" time="0.014" /><testcase classname="tests.test_database_resumes" name="test_upload_resume_success" time="0.014" /><testcase classname="tests.test_database_resumes" name="test_upload_resume_missing_fields" time="0.012" /><testcase classname="tests.test_database_resumes" name="test_upload_resume_rejects_disallowed_file_type" time="0.012" /><testcase classname="tests.test_database_resumes" name="test_upload_resume_rejects_invalid_base64" time="0.011" /><testcase classname="tests.test_database_resumes" name="test_upload_resume_rejects_oversized_file" time="0.060" /><testcase classname="tests.test_database_resumes" name="test_upload_resume_profile_not_found" time="0.011" /><testcase classname="tests.test_database_resumes" name="test_get_resumes_for_profile" time="0.014" /><testcase classname="tests.test_database_resumes" name="test_get_resumes_for_profile_multiple" time="0.017" /><testcase classname="tests.test_database_resumes" name="test_upload_resume_rejects_second_upload_for_same_profile" time="0.014" /><testcase classname="tests.test_database_resumes" name="test_get_resume_meta" time="0.013" /><testcase classname="tests.test_database_resumes" name="test_get_resume_meta_not_found" time="0.010" /><testcase classname="tests.test_database_resumes" name="test_get_resume_file" time="0.013" /><testcase classname="tests.test_database_resumes" name="test_get_resume_file_not_found" time="0.012" /><testcase classname="tests.test_database_resumes" name="test_delete_resume_success" time="0.015" /><testcase classname="tests.test_database_resumes" name="test_delete_resume_not_found" time="0.010" /><testcase classname="tests.test_database_resumes" name="test_upload_unlinked_resume_success" time="0.012" /><testcase classname="tests.test_database_resumes" name="test_upload_unlinked_resume_missing_fields" time="0.010" /><testcase classname="tests.test_database_resumes" name="test_upload_unlinked_resume_rejects_disallowed_file_type" time="0.010" /><testcase classname="tests.test_database_resumes" name="test_upload_unlinked_resume_no_uniqueness_conflict" time="0.013" /><testcase classname="tests.test_frontend" name="test_health" time="0.004" /><testcase classname="tests.test_frontend" name="test_index_renders_profile_page" time="0.019" /><testcase classname="tests.test_frontend" name="test_profile_page_renders" time="0.007" /></testsuite></testsuites>