============================= test session starts ==============================
platform linux -- Python 3.11.16, pytest-8.3.3, pluggy-1.6.0 -- /opt/hostedtoolcache/Python/3.11.16/x64/bin/python
cachedir: .pytest_cache
rootdir: /home/runner/work/FIND/FIND/student-2
plugins: anyio-4.14.2
collecting ... collected 15 items

tests/test_backend.py::test_render_message_escapes_html PASSED           [  6%]
tests/test_backend.py::test_postings_table_row_links_to_detail_page PASSED [ 13%]
tests/test_backend.py::test_postings_table_empty_state PASSED            [ 20%]
tests/test_backend.py::test_posting_panel_shows_management_actions PASSED [ 26%]
tests/test_backend.py::test_posting_form_omits_user_id PASSED            [ 33%]
tests/test_backend.py::test_create_form_embeds_ai_helper_and_validation PASSED [ 40%]
tests/test_backend.py::test_edit_form_targets_panel_and_shows_error PASSED [ 46%]
tests/test_backend.py::test_skill_suggestions_deduplicate_repeated_items PASSED [ 53%]
tests/test_backend.py::test_skill_suggestions_render_headings_and_checkboxes PASSED [ 60%]
tests/test_database_service.py::test_health PASSED                       [ 66%]
tests/test_database_service.py::test_seed_has_at_least_ten_records PASSED [ 73%]
tests/test_database_service.py::test_applicant_filter_returns_only_published PASSED [ 80%]
tests/test_database_service.py::test_create_defaults_to_draft PASSED     [ 86%]
tests/test_database_service.py::test_publish_and_unpublish_roundtrip PASSED [ 93%]
tests/test_database_service.py::test_update_and_delete PASSED            [100%]

- generated xml file: /home/runner/work/FIND/FIND/student-2/pytest-results.xml -
============================== 15 passed in 0.19s ==============================
