<?xml version="1.0" encoding="utf-8"?><testsuites><testsuite name="pytest" errors="0" failures="0" skipped="0" tests="15" time="0.193" timestamp="2026-08-30T13:55:25.449554+00:00" hostname="runnervmgx7h7"><testcase classname="tests.test_backend" name="test_render_message_escapes_html" time="0.000" /><testcase classname="tests.test_backend" name="test_postings_table_row_links_to_detail_page" time="0.000" /><testcase classname="tests.test_backend" name="test_postings_table_empty_state" time="0.000" /><testcase classname="tests.test_backend" name="test_posting_panel_shows_management_actions" time="0.000" /><testcase classname="tests.test_backend" name="test_posting_form_omits_user_id" time="0.000" /><testcase classname="tests.test_backend" name="test_create_form_embeds_ai_helper_and_validation" time="0.000" /><testcase classname="tests.test_backend" name="test_edit_form_targets_panel_and_shows_error" time="0.000" /><testcase classname="tests.test_backend" name="test_skill_suggestions_deduplicate_repeated_items" time="0.000" /><testcase classname="tests.test_backend" name="test_skill_suggestions_render_headings_and_checkboxes" time="0.000" /><testcase classname="tests.test_database_service" name="test_health" time="0.070" /><testcase classname="tests.test_database_service" name="test_seed_has_at_least_ten_records" time="0.004" /><testcase classname="tests.test_database_service" name="test_applicant_filter_returns_only_published" time="0.031" /><testcase classname="tests.test_database_service" name="test_create_defaults_to_draft" time="0.004" /><testcase classname="tests.test_database_service" name="test_publish_and_unpublish_roundtrip" time="0.012" /><testcase classname="tests.test_database_service" name="test_update_and_delete" time="0.029" /></testsuite></testsuites>