<?xml version="1.0" encoding="utf-8"?><testsuites><testsuite name="pytest" errors="0" failures="0" skipped="0" tests="24" time="0.738" timestamp="2026-08-30T13:55:38.575913+00:00" hostname="runnervmgx7h7"><testcase classname="tests.test_backend" name="test_render_message_escapes_html" time="0.000" /><testcase classname="tests.test_backend" name="test_my_applications_table_for_submitted_and_draft" time="0.000" /><testcase classname="tests.test_backend" name="test_my_applications_filters_status_title_and_sort_for_current_user" time="0.003" /><testcase classname="tests.test_backend" name="test_render_apply_form_shows_autofill_notes_and_download_link" time="0.000" /><testcase classname="tests.test_backend" name="test_render_application_detail_uses_frontend_resume_download_link" time="0.000" /><testcase classname="tests.test_backend" name="test_staff_status_dropdown_keeps_shortlisted_available_for_non_submitted_rows" time="0.000" /><testcase classname="tests.test_backend" name="test_render_candidate_profile_moves_manual_actions_below_ai_section" time="0.000" /><testcase classname="tests.test_backend" name="test_render_candidate_profile_includes_profile_details" time="0.000" /><testcase classname="tests.test_backend" name="test_render_candidate_profile_hides_manual_actions_when_not_submitted" time="0.000" /><testcase classname="tests.test_backend" name="test_render_candidate_profile_hides_manual_actions_when_rejected" time="0.000" /><testcase classname="tests.test_backend" name="test_update_status_only_allows_submitted_to_shortlisted_or_rejected" time="0.001" /><testcase classname="tests.test_backend" name="test_update_status_allows_reject_from_non_rejected_states" time="0.001" /><testcase classname="tests.test_backend" name="test_update_status_rejects_already_rejected" time="0.001" /><testcase classname="tests.test_backend" name="test_ai_panel_yes_no_only_and_no_shortlist_button" time="0.000" /><testcase classname="tests.test_backend" name="test_parse_screening_response_is_binary" time="0.000" /><testcase classname="tests.test_backend" name="test_render_pending_interviews_bar_counts" time="0.000" /><testcase classname="tests.test_database_service" name="test_health" time="0.016" /><testcase classname="tests.test_database_service" name="test_list_filter_by_user_and_status" time="0.007" /><testcase classname="tests.test_database_service" name="test_create_defaults_to_draft" time="0.026" /><testcase classname="tests.test_database_service" name="test_duplicate_active_application_is_blocked" time="0.007" /><testcase classname="tests.test_database_service" name="test_submit_requires_resume_and_declaration" time="0.007" /><testcase classname="tests.test_database_service" name="test_submit_when_ready_transitions_to_submitted" time="0.009" /><testcase classname="tests.test_database_service" name="test_withdraw_and_delete_rules" time="0.011" /><testcase classname="tests.test_database_service" name="test_update_status_via_generic_update_endpoint" time="0.009" /></testsuite></testsuites>