============================= test session starts ==============================
platform linux -- Python 3.11.16, pytest-8.3.3, pluggy-1.6.0 -- /opt/hostedtoolcache/Python/3.11.16/x64/bin/python
cachedir: .pytest_cache
rootdir: /home/runner/work/FIND/FIND/student-3
plugins: anyio-4.14.2
collecting ... collected 24 items

tests/test_backend.py::test_render_message_escapes_html PASSED           [  4%]
tests/test_backend.py::test_my_applications_table_for_submitted_and_draft PASSED [  8%]
tests/test_backend.py::test_my_applications_filters_status_title_and_sort_for_current_user PASSED [ 12%]
tests/test_backend.py::test_render_apply_form_shows_autofill_notes_and_download_link PASSED [ 16%]
tests/test_backend.py::test_render_application_detail_uses_frontend_resume_download_link PASSED [ 20%]
tests/test_backend.py::test_staff_status_dropdown_keeps_shortlisted_available_for_non_submitted_rows PASSED [ 25%]
tests/test_backend.py::test_render_candidate_profile_moves_manual_actions_below_ai_section PASSED [ 29%]
tests/test_backend.py::test_render_candidate_profile_includes_profile_details PASSED [ 33%]
tests/test_backend.py::test_render_candidate_profile_hides_manual_actions_when_not_submitted PASSED [ 37%]
tests/test_backend.py::test_render_candidate_profile_hides_manual_actions_when_rejected PASSED [ 41%]
tests/test_backend.py::test_update_status_only_allows_submitted_to_shortlisted_or_rejected PASSED [ 45%]
tests/test_backend.py::test_update_status_allows_reject_from_non_rejected_states PASSED [ 50%]
tests/test_backend.py::test_update_status_rejects_already_rejected PASSED [ 54%]
tests/test_backend.py::test_ai_panel_yes_no_only_and_no_shortlist_button PASSED [ 58%]
tests/test_backend.py::test_parse_screening_response_is_binary PASSED    [ 62%]
tests/test_backend.py::test_render_pending_interviews_bar_counts PASSED  [ 66%]
tests/test_database_service.py::test_health PASSED                       [ 70%]
tests/test_database_service.py::test_list_filter_by_user_and_status PASSED [ 75%]
tests/test_database_service.py::test_create_defaults_to_draft PASSED     [ 79%]
tests/test_database_service.py::test_duplicate_active_application_is_blocked PASSED [ 83%]
tests/test_database_service.py::test_submit_requires_resume_and_declaration PASSED [ 87%]
tests/test_database_service.py::test_submit_when_ready_transitions_to_submitted PASSED [ 91%]
tests/test_database_service.py::test_withdraw_and_delete_rules PASSED    [ 95%]
tests/test_database_service.py::test_update_status_via_generic_update_endpoint PASSED [100%]

- generated xml file: /home/runner/work/FIND/FIND/student-3/pytest-results.xml -
============================== 24 passed in 0.73s ==============================
