============================= test session starts ==============================
platform linux -- Python 3.11.16, pytest-9.1.1, pluggy-1.6.0 -- /opt/hostedtoolcache/Python/3.11.16/x64/bin/python
cachedir: .pytest_cache
rootdir: /home/runner/work/FIND/FIND/student-5
plugins: anyio-4.14.2, requests-mock-1.12.1
collecting ... collected 60 items

tests/test_backend.py::test_list_evaluations_requires_auth PASSED        [  1%]
tests/test_backend.py::test_list_evaluations_requires_staff PASSED       [  3%]
tests/test_backend.py::test_create_evaluation_success PASSED             [  5%]
tests/test_backend.py::test_create_evaluation_injects_user_id PASSED     [  6%]
tests/test_backend.py::test_create_draft_evaluation PASSED               [  8%]
tests/test_backend.py::test_htmx_create_draft_sets_evaluation_in_progress PASSED [ 10%]
tests/test_backend.py::test_htmx_submit_hire_sets_hired PASSED           [ 11%]
tests/test_backend.py::test_htmx_submit_reject_sets_rejected PASSED      [ 13%]
tests/test_backend.py::test_get_evaluation_enriches_with_applicant_info PASSED [ 15%]
tests/test_backend.py::test_get_evaluation_not_found PASSED              [ 16%]
tests/test_backend.py::test_update_evaluation_success PASSED             [ 18%]
tests/test_backend.py::test_delete_evaluation_success PASSED             [ 20%]
tests/test_backend.py::test_delete_evaluation_reverts_application_status PASSED [ 21%]
tests/test_backend.py::test_delete_evaluation_htmx_triggers PASSED       [ 23%]
tests/test_backend.py::test_eligible_applications_filters_evaluated PASSED [ 25%]
tests/test_backend.py::test_notify_requires_valid_action PASSED          [ 26%]
tests/test_backend.py::test_notify_hired_updates_application PASSED      [ 28%]
tests/test_backend.py::test_create_evaluation_requires_auth PASSED       [ 30%]
tests/test_backend.py::test_create_evaluation_requires_staff PASSED      [ 31%]
tests/test_backend.py::test_update_evaluation_requires_auth PASSED       [ 33%]
tests/test_backend.py::test_update_evaluation_requires_staff PASSED      [ 35%]
tests/test_backend.py::test_delete_evaluation_requires_auth PASSED       [ 36%]
tests/test_backend.py::test_delete_evaluation_requires_staff PASSED      [ 38%]
tests/test_backend.py::test_get_evaluation_requires_auth PASSED          [ 40%]
tests/test_backend.py::test_get_evaluation_requires_staff PASSED         [ 41%]
tests/test_database.py::test_create_draft_with_no_scores PASSED          [ 43%]
tests/test_database.py::test_create_with_full_scores_and_decision PASSED [ 45%]
tests/test_database.py::test_create_missing_user_id_rejected PASSED      [ 46%]
tests/test_database.py::test_create_missing_application_id_rejected PASSED [ 48%]
tests/test_database.py::test_create_duplicate_application_rejected PASSED [ 50%]
tests/test_database.py::test_create_decision_without_scores_rejected PASSED [ 51%]
tests/test_database.py::test_create_partial_scores_with_decision_rejected PASSED [ 53%]
tests/test_database.py::test_create_invalid_score_range_rejected PASSED  [ 55%]
tests/test_database.py::test_create_score_zero_rejected PASSED           [ 56%]
tests/test_database.py::test_create_invalid_recommendation_rejected PASSED [ 58%]
tests/test_database.py::test_create_no_json_body PASSED                  [ 60%]
tests/test_database.py::test_get_evaluation_by_id PASSED                 [ 61%]
tests/test_database.py::test_get_evaluation_not_found PASSED             [ 63%]
tests/test_database.py::test_list_evaluations_empty PASSED               [ 65%]
tests/test_database.py::test_list_evaluations_returns_all PASSED         [ 66%]
tests/test_database.py::test_list_filter_by_recommendation PASSED        [ 68%]
tests/test_database.py::test_list_filter_in_progress PASSED              [ 70%]
tests/test_database.py::test_list_filter_decided PASSED                  [ 71%]
tests/test_database.py::test_update_draft_add_scores PASSED              [ 73%]
tests/test_database.py::test_update_finalize_with_decision PASSED        [ 75%]
tests/test_database.py::test_update_decision_without_scores_rejected PASSED [ 76%]
tests/test_database.py::test_update_not_found PASSED                     [ 78%]
tests/test_database.py::test_update_invalid_score_rejected PASSED        [ 80%]
tests/test_database.py::test_delete_draft_evaluation PASSED              [ 81%]
tests/test_database.py::test_delete_finalized_evaluation_rejected PASSED [ 83%]
tests/test_database.py::test_delete_not_found PASSED                     [ 85%]
tests/test_database.py::test_health PASSED                               [ 86%]
tests/test_database.py::test_overall_score_is_average_of_all_five PASSED [ 88%]
tests/test_database.py::test_overall_score_calculated_within_2_seconds PASSED [ 90%]
tests/test_frontend.py::test_health PASSED                               [ 91%]
tests/test_frontend.py::test_index_renders_evaluations_page PASSED       [ 93%]
tests/test_frontend.py::test_evaluate_renders_form_with_application_id PASSED [ 95%]
tests/test_frontend.py::test_edit_renders_form_with_evaluation_id PASSED [ 96%]
tests/test_frontend.py::test_submit_button_is_guarded_by_validation PASSED [ 98%]
tests/test_frontend.py::test_form_wires_all_five_criteria_to_overall_calculation PASSED [100%]

- generated xml file: /home/runner/work/FIND/FIND/student-5/pytest-results.xml -
============================== 60 passed in 1.56s ==============================
