<?xml version="1.0" encoding="utf-8"?><testsuites name="pytest tests"><testsuite name="pytest" errors="0" failures="0" skipped="0" tests="60" time="1.558" timestamp="2026-08-30T13:55:45.004233+00:00" hostname="runnervmgx7h7"><testcase classname="tests.test_backend" name="test_list_evaluations_requires_auth" time="0.958" /><testcase classname="tests.test_backend" name="test_list_evaluations_requires_staff" time="0.009" /><testcase classname="tests.test_backend" name="test_create_evaluation_success" time="0.008" /><testcase classname="tests.test_backend" name="test_create_evaluation_injects_user_id" time="0.008" /><testcase classname="tests.test_backend" name="test_create_draft_evaluation" time="0.008" /><testcase classname="tests.test_backend" name="test_htmx_create_draft_sets_evaluation_in_progress" time="0.009" /><testcase classname="tests.test_backend" name="test_htmx_submit_hire_sets_hired" time="0.009" /><testcase classname="tests.test_backend" name="test_htmx_submit_reject_sets_rejected" time="0.009" /><testcase classname="tests.test_backend" name="test_get_evaluation_enriches_with_applicant_info" time="0.012" /><testcase classname="tests.test_backend" name="test_get_evaluation_not_found" time="0.007" /><testcase classname="tests.test_backend" name="test_update_evaluation_success" time="0.009" /><testcase classname="tests.test_backend" name="test_delete_evaluation_success" time="0.009" /><testcase classname="tests.test_backend" name="test_delete_evaluation_reverts_application_status" time="0.009" /><testcase classname="tests.test_backend" name="test_delete_evaluation_htmx_triggers" time="0.009" /><testcase classname="tests.test_backend" name="test_eligible_applications_filters_evaluated" time="0.010" /><testcase classname="tests.test_backend" name="test_notify_requires_valid_action" time="0.006" /><testcase classname="tests.test_backend" name="test_notify_hired_updates_application" time="0.008" /><testcase classname="tests.test_backend" name="test_create_evaluation_requires_auth" time="0.005" /><testcase classname="tests.test_backend" name="test_create_evaluation_requires_staff" time="0.007" /><testcase classname="tests.test_backend" name="test_update_evaluation_requires_auth" time="0.006" /><testcase classname="tests.test_backend" name="test_update_evaluation_requires_staff" time="0.007" /><testcase classname="tests.test_backend" name="test_delete_evaluation_requires_auth" time="0.007" /><testcase classname="tests.test_backend" name="test_delete_evaluation_requires_staff" time="0.006" /><testcase classname="tests.test_backend" name="test_get_evaluation_requires_auth" time="0.005" /><testcase classname="tests.test_backend" name="test_get_evaluation_requires_staff" time="0.007" /><testcase classname="tests.test_database" name="test_create_draft_with_no_scores" time="0.020" /><testcase classname="tests.test_database" name="test_create_with_full_scores_and_decision" time="0.007" /><testcase classname="tests.test_database" name="test_create_missing_user_id_rejected" time="0.006" /><testcase classname="tests.test_database" name="test_create_missing_application_id_rejected" time="0.005" /><testcase classname="tests.test_database" name="test_create_duplicate_application_rejected" time="0.008" /><testcase classname="tests.test_database" name="test_create_decision_without_scores_rejected" time="0.006" /><testcase classname="tests.test_database" name="test_create_partial_scores_with_decision_rejected" time="0.006" /><testcase classname="tests.test_database" name="test_create_invalid_score_range_rejected" time="0.006" /><testcase classname="tests.test_database" name="test_create_score_zero_rejected" time="0.005" /><testcase classname="tests.test_database" name="test_create_invalid_recommendation_rejected" time="0.006" /><testcase classname="tests.test_database" name="test_create_no_json_body" time="0.006" /><testcase classname="tests.test_database" name="test_get_evaluation_by_id" time="0.008" /><testcase classname="tests.test_database" name="test_get_evaluation_not_found" time="0.006" /><testcase classname="tests.test_database" name="test_list_evaluations_empty" time="0.006" /><testcase classname="tests.test_database" name="test_list_evaluations_returns_all" time="0.009" /><testcase classname="tests.test_database" name="test_list_filter_by_recommendation" time="0.010" /><testcase classname="tests.test_database" name="test_list_filter_in_progress" time="0.008" /><testcase classname="tests.test_database" name="test_list_filter_decided" time="0.009" /><testcase classname="tests.test_database" name="test_update_draft_add_scores" time="0.008" /><testcase classname="tests.test_database" name="test_update_finalize_with_decision" time="0.009" /><testcase classname="tests.test_database" name="test_update_decision_without_scores_rejected" time="0.007" /><testcase classname="tests.test_database" name="test_update_not_found" time="0.051" /><testcase classname="tests.test_database" name="test_update_invalid_score_rejected" time="0.007" /><testcase classname="tests.test_database" name="test_delete_draft_evaluation" time="0.009" /><testcase classname="tests.test_database" name="test_delete_finalized_evaluation_rejected" time="0.007" /><testcase classname="tests.test_database" name="test_delete_not_found" time="0.007" /><testcase classname="tests.test_database" name="test_health" time="0.005" /><testcase classname="tests.test_database" name="test_overall_score_is_average_of_all_five" time="0.007" /><testcase classname="tests.test_database" name="test_overall_score_calculated_within_2_seconds" time="0.006" /><testcase classname="tests.test_frontend" name="test_health" time="0.004" /><testcase classname="tests.test_frontend" name="test_index_renders_evaluations_page" time="0.007" /><testcase classname="tests.test_frontend" name="test_evaluate_renders_form_with_application_id" time="0.011" /><testcase classname="tests.test_frontend" name="test_edit_renders_form_with_evaluation_id" time="0.009" /><testcase classname="tests.test_frontend" name="test_submit_button_is_guarded_by_validation" time="0.009" /><testcase classname="tests.test_frontend" name="test_form_wires_all_five_criteria_to_overall_calculation" time="0.009" /></testsuite></testsuites>